Arguments: 
  /Users/igormesquita/.volta/tools/image/node/16.15.1/bin/node /Users/igormesquita/.volta/tools/image/yarn/1.22.19/bin/yarn.js init

PATH: 
  /Users/igormesquita/.volta/tools/image/yarn/1.22.19/bin:/Users/igormesquita/.volta/tools/image/node/16.15.1/bin:/Users/igormesquita/.volta/bin:/opt/homebrew/bin:/opt/homebrew/sbin:/usr/local/bin:/usr/bin:/bin:/usr/sbin:/sbin:/Library/Apple/usr/bin:/Users/igormesquita/workspace/Library/Flutter/bin:/Users/igormesquita/Library/Android/sdk/emulator:/Users/igormesquita/Library/Android/sdk/platform-tools

Yarn version: 
  1.22.19

Node version: 
  16.15.1

Platform: 
  darwin arm64

Trace: 
  Error: canceled
      at Interface.<anonymous> (/Users/igormesquita/.volta/tools/image/yarn/1.22.19/lib/cli.js:137150:13)
      at Interface.emit (node:events:527:28)
      at Interface._ttyWrite (node:readline:1081:16)
      at ReadStream.onkeypress (node:readline:288:10)
      at ReadStream.emit (node:events:527:28)
      at emitKeys (node:internal/readline/utils:358:14)
      at emitKeys.next (<anonymous>)
      at ReadStream.onData (node:internal/readline/emitKeypressEvents:61:36)
      at ReadStream.emit (node:events:527:28)
      at addChunk (node:internal/streams/readable:315:12)

npm manifest: 
  No manifest

yarn manifest: 
  No manifest

Lockfile: 
  No lockfile
